2022-11-30 15:37:06.328 [main] ERROR AnagramChecker.cache.FileWR.ReadStoredCacheAndPopulateLocalInstance(FileWR.java:59) - Failed to read or populate cache
java.io.FileNotFoundException: /Users/allendungo/Work/AnagramChecker/src/main/resources/cache.txt (No such file or directory)
	at java.io.FileInputStream.open0(Native Method)
	at java.io.FileInputStream.open(FileInputStream.java:195)
	at java.io.FileInputStream.<init>(FileInputStream.java:138)
	at java.io.FileReader.<init>(FileReader.java:72)
	at AnagramChecker.cache.FileWR.ReadStoredCacheAndPopulateLocalInstance(FileWR.java:46)
	at AnagramChecker.cache.FileWR.getMapFromCache(FileWR.java:79)
	at AnagramChecker.anagrams.LettersOnly.readCache(LettersOnly.java:25)
	at AnagramChecker.anagrams.LettersOnly.<init>(LettersOnly.java:20)
	at Client.Main.main(Main.java:12)
2022-11-30 15:38:04.262 [main] ERROR AnagramChecker.cache.FileWR.ReadStoredCacheAndPopulateLocalInstance(FileWR.java:59) - Failed to read or populate cache
java.io.FileNotFoundException: /Users/allendungo/Work/AnagramChecker/src/main/resources/cache.txt (No such file or directory)
	at java.io.FileInputStream.open0(Native Method)
	at java.io.FileInputStream.open(FileInputStream.java:195)
	at java.io.FileInputStream.<init>(FileInputStream.java:138)
	at java.io.FileReader.<init>(FileReader.java:72)
	at AnagramChecker.cache.FileWR.ReadStoredCacheAndPopulateLocalInstance(FileWR.java:46)
	at AnagramChecker.cache.FileWR.getMapFromCache(FileWR.java:79)
	at AnagramChecker.anagrams.LettersOnly.readCache(LettersOnly.java:26)
	at AnagramChecker.anagrams.LettersOnly.<init>(LettersOnly.java:20)
	at Client.Main.main(Main.java:12)
